<?xml version="1.0" encoding="UTF-8"?>
<!-- Generated by org.testng.reporters.JUnitReportReporter -->
<testsuite hostname="LAPTOP-N81R9HMV" failures="0" tests="1" name="webUtils.WebClass" time="15.208" errors="0" timestamp="2025-02-10T16:45:54 IST" skipped="0">
  <testcase classname="webUtils.WebClass" name="disp" time="15.208"/>
  <system-out/>
</testsuite> <!-- webUtils.WebClass -->
